<?xml version="1.0" encoding="UTF-8"?>
<testng-results total="1" passed="1" failed="0" skipped="0">
  <reporter-output>
  </reporter-output>
  <suite started-at="2020-05-10T09:10:10Z" name="Default suite" finished-at="2020-05-10T09:10:58Z" duration-ms="48750">
    <groups>
    </groups>
    <test started-at="2020-05-10T09:10:10Z" name="Default test" finished-at="2020-05-10T09:10:58Z" duration-ms="48750">
      <class name="com.test.SpiceJetTest">
        <test-method is-config="true" signature="Start()[pri:0, instance:com.test.SpiceJetTest@54a7079e]" started-at="2020-05-10T14:40:10Z" name="Start" finished-at="2020-05-10T14:40:29Z" duration-ms="19544" status="PASS">
          <reporter-output>
          </reporter-output>
        </test-method> <!-- Start -->
        <test-method signature="Testing()[pri:0, instance:com.test.SpiceJetTest@54a7079e]" started-at="2020-05-10T14:40:29Z" name="Testing" finished-at="2020-05-10T14:40:56Z" duration-ms="26489" status="PASS">
          <reporter-output>
          </reporter-output>
        </test-method> <!-- Testing -->
        <test-method is-config="true" signature="end()[pri:0, instance:com.test.SpiceJetTest@54a7079e]" started-at="2020-05-10T14:40:56Z" name="end" finished-at="2020-05-10T14:40:58Z" duration-ms="2695" status="PASS">
          <reporter-output>
          </reporter-output>
        </test-method> <!-- end -->
      </class> <!-- com.test.SpiceJetTest -->
    </test> <!-- Default test -->
  </suite> <!-- Default suite -->
</testng-results>
