<?xml version="1.0" encoding="UTF-8"?>
<testng-results total="1" passed="1" failed="0" skipped="0">
  <reporter-output>
  </reporter-output>
  <suite started-at="2020-05-10T09:02:08Z" name="Default suite" finished-at="2020-05-10T09:02:29Z" duration-ms="21440">
    <groups>
    </groups>
    <test started-at="2020-05-10T09:02:08Z" name="Default test" finished-at="2020-05-10T09:02:29Z" duration-ms="21440">
      <class name="bmwtest.com.BmwTest">
        <test-method is-config="true" signature="start()[pri:0, instance:bmwtest.com.BmwTest@68ad99fe]" started-at="2020-05-10T14:32:08Z" name="start" finished-at="2020-05-10T14:32:18Z" duration-ms="10747" status="PASS">
          <reporter-output>
          </reporter-output>
        </test-method> <!-- start -->
        <test-method signature="tests()[pri:0, instance:bmwtest.com.BmwTest@68ad99fe]" started-at="2020-05-10T14:32:18Z" name="tests" finished-at="2020-05-10T14:32:27Z" duration-ms="8340" status="PASS">
          <reporter-output>
          </reporter-output>
        </test-method> <!-- tests -->
        <test-method is-config="true" signature="close()[pri:0, instance:bmwtest.com.BmwTest@68ad99fe]" started-at="2020-05-10T14:32:27Z" name="close" finished-at="2020-05-10T14:32:29Z" duration-ms="2336" status="PASS">
          <reporter-output>
          </reporter-output>
        </test-method> <!-- close -->
      </class> <!-- bmwtest.com.BmwTest -->
    </test> <!-- Default test -->
  </suite> <!-- Default suite -->
</testng-results>
