<?xml version="1.0" encoding="UTF-8"?>
<testng-results total="1" passed="1" failed="0" skipped="0">
  <reporter-output>
  </reporter-output>
  <suite started-at="2020-05-09T01:06:02Z" name="Default suite" finished-at="2020-05-09T01:06:47Z" duration-ms="45651">
    <groups>
    </groups>
    <test started-at="2020-05-09T01:06:02Z" name="Default test" finished-at="2020-05-09T01:06:47Z" duration-ms="45651">
      <class name="royaltest.RoyalTest">
        <test-method is-config="true" signature="Start()[pri:0, instance:royaltest.RoyalTest@54bff557]" started-at="2020-05-09T06:36:02Z" name="Start" finished-at="2020-05-09T06:36:09Z" duration-ms="7434" status="PASS">
          <reporter-output>
          </reporter-output>
        </test-method> <!-- Start -->
        <test-method signature="Testing()[pri:0, instance:royaltest.RoyalTest@54bff557]" started-at="2020-05-09T06:36:09Z" name="Testing" finished-at="2020-05-09T06:36:47Z" duration-ms="37888" status="PASS">
          <reporter-output>
          </reporter-output>
        </test-method> <!-- Testing -->
        <test-method is-config="true" signature="close()[pri:0, instance:royaltest.RoyalTest@54bff557]" started-at="2020-05-09T06:36:47Z" name="close" finished-at="2020-05-09T06:36:47Z" duration-ms="313" status="PASS">
          <reporter-output>
          </reporter-output>
        </test-method> <!-- close -->
      </class> <!-- royaltest.RoyalTest -->
    </test> <!-- Default test -->
  </suite> <!-- Default suite -->
</testng-results>
